#
# There is insufficient memory for the Java Runtime Environment to continue.
# Native memory allocation (mmap) failed to map 134217728 bytes. Error detail: G1 virtual space
# Possible reasons:
#   The system is out of physical RAM or swap space
#   This process is running with CompressedOops enabled, and the Java Heap may be blocking the growth of the native heap
# Possible solutions:
#   Reduce memory load on the system
#   Increase physical memory or swap space
#   Check if swap backing store is full
#   Decrease Java heap size (-Xmx/-Xms)
#   Decrease number of Java threads
#   Decrease Java thread stack sizes (-Xss)
#   Set larger code cache with -XX:ReservedCodeCacheSize=
#   JVM is running with Unscaled Compressed Oops mode in which the Java heap is
#     placed in the first 4GB address space. The Java Heap base address is the
#     maximum limit for the native heap growth. Please use -XX:HeapBaseMinAddress
#     to set the Java Heap base and to place the Java Heap above 4GB virtual address.
# This output file may be truncated or incomplete.
#
#  Out of Memory Error (os_windows.cpp:3925), pid=17860, tid=7108
#
# JRE version:  (21.0.8+1) (build )
# Java VM: OpenJDK 64-Bit Server VM (21.0.8+1-b1038.72, mixed mode, sharing, tiered, compressed oops, compressed class ptrs, g1 gc, windows-amd64)
# No core dump will be written. Minidumps are not enabled by default on client versions of Windows
#

---------------  S U M M A R Y ------------

Command Line: -Djava.rmi.server.hostname=127.0.0.1 -Duser.timezone=UTC -Xmx2048m -Xms128m -Djdbc.classpath=C:\Users\Анара\AppData\Local\Temp\RemoteDriver5.classpath.txt --add-exports=java.desktop/sun.awt=ALL-UNNAMED --add-exports=java.desktop/java.awt.peer=ALL-UNNAMED --add-opens=java.desktop/java.awt=ALL-UNNAMED --add-opens=jdk.unsupported/sun.misc=ALL-UNNAMED --add-opens=java.base/java.nio=ALL-UNNAMED --add-opens=java.base/java.util=ALL-UNNAMED -Dfile.encoding=UTF-8 -Dsun.stdout.encoding=UTF-8 -Dsun.stderr.encoding=UTF-8 com.intellij.database.remote.RemoteJdbcServer org.postgresql.Driver

Host: Intel(R) Core(TM) i3-10110U CPU @ 2.10GHz, 4 cores, 3G,  Windows 11 , 64 bit Build 26100 (10.0.26100.5074)
Time: Thu Oct  9 14:27:05 2025 elapsed time: 0.581013 seconds (0d 0h 0m 0s)

---------------  T H R E A D  ---------------

Current thread (0x0000016627fc9760):  JavaThread "Unknown thread" [_thread_in_vm, id=7108, stack(0x0000005fc7600000,0x0000005fc7700000) (1024K)]

Stack: [0x0000005fc7600000,0x0000005fc7700000]
Native frames: (J=compiled Java code, j=interpreted, Vv=VM code, C=native code)
V  [jvm.dll+0x6ebeb9]
V  [jvm.dll+0x8cbec3]
V  [jvm.dll+0x8ce47e]
V  [jvm.dll+0x8ceb63]
V  [jvm.dll+0x28adf6]
V  [jvm.dll+0x6e8695]
V  [jvm.dll+0x6dbeea]
V  [jvm.dll+0x36689b]
V  [jvm.dll+0x36e466]
V  [jvm.dll+0x3c08c6]
V  [jvm.dll+0x3c0b98]
V  [jvm.dll+0x3390cc]
V  [jvm.dll+0x339dbb]
V  [jvm.dll+0x893349]
V  [jvm.dll+0x3cda98]
V  [jvm.dll+0x87c368]
V  [jvm.dll+0x46283e]
V  [jvm.dll+0x464521]
C  [jli.dll+0x52ab]
C  [ucrtbase.dll+0x37b0]
C  [KERNEL32.DLL+0x2e8d7]
C  [ntdll.dll+0x8d9c]


---------------  P R O C E S S  ---------------

Threads class SMR info:
_java_thread_list=0x00007ffd6fa332c8, length=0, elements={
}

Java Threads: ( => current thread )
Total: 0

Other Threads:
  0x0000016628021c30 WorkerThread "GC Thread#0"                     [id=552, stack(0x0000005fc7700000,0x0000005fc7800000) (1024K)]
  0x00000166280341c0 ConcurrentGCThread "G1 Main Marker"            [id=22556, stack(0x0000005fc7800000,0x0000005fc7900000) (1024K)]
  0x0000016628034bd0 WorkerThread "G1 Conc#0"                       [id=13188, stack(0x0000005fc7900000,0x0000005fc7a00000) (1024K)]

[error occurred during error reporting (printing all threads), id 0xc0000005, EXCEPTION_ACCESS_VIOLATION (0xc0000005) at pc=0x00007ffd6f11c0b7]
VM state: not at safepoint (not fully initialized)

VM Mutex/Monitor currently owned by a thread:  ([mutex/lock_event])
[0x00007ffd6faa7d58] Heap_lock - owner thread: 0x0000016627fc9760

Heap address: 0x0000000080000000, size: 2048 MB, Compressed Oops mode: 32-bit

CDS archive(s) mapped at: [0x0000000000000000-0x0000000000000000-0x0000000000000000), size 0, SharedBaseAddress: 0x0000000800000000, ArchiveRelocationMode: 1.
Narrow klass base: 0x0000000000000000, Narrow klass shift: 0, Narrow klass range: 0x0

GC Precious Log:
 CardTable entry size: 512
 Card Set container configuration: InlinePtr #cards 5 size 8 Array Of Cards #cards 12 size 40 Howl #buckets 4 coarsen threshold 1843 Howl Bitmap #cards 512 size 80 coarsen threshold 460 Card regions per heap region 1 cards per card region 2048

Heap:
 garbage-first heap   total 0K, used 0K [0x0000000080000000, 0x0000000100000000)
  region size 1024K, 0 young (0K), 0 survivors (0K)
 Metaspace       used 0K, committed 0K, reserved 0K
  class space    used 0K, committed 0K, reserved 0K

Heap Regions: E=young(eden), S=young(survivor), O=old, HS=humongous(starts), HC=humongous(continues), CS=collection set, F=free, TAMS=top-at-mark-start, PB=parsable bottom

Card table byte_map: [0x000001663d340000,0x000001663d740000] _byte_map_base: 0x000001663cf40000

Marking Bits: (CMBitMap*) 0x0000016628022240
 Bits: [0x000001663d740000, 0x000001663f740000)

GC Heap History (0 events):
No events

Dll operation events (1 events):
Event: 0.089 Loaded shared library C:\Program Files\JetBrains\IntelliJ IDEA 2025.2.3\jbr\bin\java.dll

Deoptimization events (0 events):
No events

Classes loaded (0 events):
No events

Classes unloaded (0 events):
No events

Classes redefined (0 events):
No events

Internal exceptions (0 events):
No events

ZGC Phase Switch (0 events):
No events

VM Operations (0 events):
No events

Memory protections (0 events):
No events

Nmethod flushes (0 events):
No events

Events (0 events):
No events


Dynamic libraries:
0x00007ff607a00000 - 0x00007ff607a0a000 	C:\Program Files\JetBrains\IntelliJ IDEA 2025.2.3\jbr\bin\java.exe
0x00007ffdf6d40000 - 0x00007ffdf6fa9000 	C:\WINDOWS\SYSTEM32\ntdll.dll
0x00007ffdf6140000 - 0x00007ffdf6209000 	C:\WINDOWS\System32\KERNEL32.DLL
0x00007ffdf4710000 - 0x00007ffdf4b03000 	C:\WINDOWS\System32\KERNELBASE.dll
0x00007ffdf3f80000 - 0x00007ffdf40cb000 	C:\WINDOWS\System32\ucrtbase.dll
0x00007ffdee970000 - 0x00007ffdee98b000 	C:\Program Files\JetBrains\IntelliJ IDEA 2025.2.3\jbr\bin\VCRUNTIME140.dll
0x00007ffde23c0000 - 0x00007ffde23d8000 	C:\Program Files\JetBrains\IntelliJ IDEA 2025.2.3\jbr\bin\jli.dll
0x00007ffdf6940000 - 0x00007ffdf6b04000 	C:\WINDOWS\System32\USER32.dll
0x00007ffdf4480000 - 0x00007ffdf44a7000 	C:\WINDOWS\System32\win32u.dll
0x00007ffdf5510000 - 0x00007ffdf553b000 	C:\WINDOWS\System32\GDI32.dll
0x00007ffdf45e0000 - 0x00007ffdf470d000 	C:\WINDOWS\System32\gdi32full.dll
0x00007ffdf3ed0000 - 0x00007ffdf3f73000 	C:\WINDOWS\System32\msvcp_win.dll
0x00007ffdd7b80000 - 0x00007ffdd7e13000 	C:\WINDOWS\WinSxS\amd64_microsoft.windows.common-controls_6595b64144ccf1df_6.0.26100.5074_none_3e0d6f78e32fd63f\COMCTL32.dll
0x00007ffdf6270000 - 0x00007ffdf6319000 	C:\WINDOWS\System32\msvcrt.dll
0x00007ffdf6b10000 - 0x00007ffdf6b3f000 	C:\WINDOWS\System32\IMM32.DLL
0x00007ffdf0ef0000 - 0x00007ffdf0efc000 	C:\Program Files\JetBrains\IntelliJ IDEA 2025.2.3\jbr\bin\vcruntime140_1.dll
0x00007ffdc0470000 - 0x00007ffdc04fd000 	C:\Program Files\JetBrains\IntelliJ IDEA 2025.2.3\jbr\bin\msvcp140.dll
0x00007ffd6edd0000 - 0x00007ffd6fb9b000 	C:\Program Files\JetBrains\IntelliJ IDEA 2025.2.3\jbr\bin\server\jvm.dll
0x00007ffdf5f20000 - 0x00007ffdf5fd4000 	C:\WINDOWS\System32\ADVAPI32.dll
0x00007ffdf64b0000 - 0x00007ffdf6556000 	C:\WINDOWS\System32\sechost.dll
0x00007ffdf6b50000 - 0x00007ffdf6c68000 	C:\WINDOWS\System32\RPCRT4.dll
0x00007ffdf6430000 - 0x00007ffdf64a4000 	C:\WINDOWS\System32\WS2_32.dll
0x00007ffdf3d30000 - 0x00007ffdf3d8e000 	C:\WINDOWS\SYSTEM32\POWRPROF.dll
0x00007ffdd92a0000 - 0x00007ffdd92d5000 	C:\WINDOWS\SYSTEM32\WINMM.dll
0x00007ffdeaa70000 - 0x00007ffdeaa7b000 	C:\WINDOWS\SYSTEM32\VERSION.dll
0x00007ffdf3d10000 - 0x00007ffdf3d24000 	C:\WINDOWS\SYSTEM32\UMPDC.dll
0x00007ffdf2cb0000 - 0x00007ffdf2ccb000 	C:\WINDOWS\SYSTEM32\kernel.appcore.dll
0x00007ffdefb80000 - 0x00007ffdefb8a000 	C:\Program Files\JetBrains\IntelliJ IDEA 2025.2.3\jbr\bin\jimage.dll
0x00007ffde3270000 - 0x00007ffde34b2000 	C:\WINDOWS\SYSTEM32\DBGHELP.DLL
0x00007ffdf5190000 - 0x00007ffdf550b000 	C:\WINDOWS\System32\combase.dll
0x00007ffdf5e40000 - 0x00007ffdf5f17000 	C:\WINDOWS\System32\OLEAUT32.dll
0x00007ffdd1330000 - 0x00007ffdd136d000 	C:\WINDOWS\SYSTEM32\dbgcore.DLL
0x00007ffdf4540000 - 0x00007ffdf45d9000 	C:\WINDOWS\System32\bcryptPrimitives.dll
0x00007ffded5b0000 - 0x00007ffded5d0000 	C:\Program Files\JetBrains\IntelliJ IDEA 2025.2.3\jbr\bin\java.dll

JVMTI agents: none

dbghelp: loaded successfully - version: 4.0.5 - missing functions: none
symbol engine: initialized successfully - sym options: 0x614 - pdb path: .;C:\Program Files\JetBrains\IntelliJ IDEA 2025.2.3\jbr\bin;C:\WINDOWS\SYSTEM32;C:\WINDOWS\WinSxS\amd64_microsoft.windows.common-controls_6595b64144ccf1df_6.0.26100.5074_none_3e0d6f78e32fd63f;C:\Program Files\JetBrains\IntelliJ IDEA 2025.2.3\jbr\bin\server

VM Arguments:
jvm_args: -Djava.rmi.server.hostname=127.0.0.1 -Duser.timezone=UTC -Xmx2048m -Xms128m -Djdbc.classpath=C:\Users\Анара\AppData\Local\Temp\RemoteDriver5.classpath.txt --add-exports=java.desktop/sun.awt=ALL-UNNAMED --add-exports=java.desktop/java.awt.peer=ALL-UNNAMED --add-opens=java.desktop/java.awt=ALL-UNNAMED --add-opens=jdk.unsupported/sun.misc=ALL-UNNAMED --add-opens=java.base/java.nio=ALL-UNNAMED --add-opens=java.base/java.util=ALL-UNNAMED -Dfile.encoding=UTF-8 -Dsun.stdout.encoding=UTF-8 -Dsun.stderr.encoding=UTF-8 
java_command: com.intellij.database.remote.RemoteJdbcServer org.postgresql.Driver
java_class_path (initial): C:\Program Files\JetBrains\IntelliJ IDEA 2025.2.3\lib\util_rt.jar;C:\Program Files\JetBrains\IntelliJ IDEA 2025.2.3\lib\util-8.jar;C:\Program Files\JetBrains\IntelliJ IDEA 2025.2.3\lib\groovy.jar;C:\Program Files\JetBrains\IntelliJ IDEA 2025.2.3\plugins\DatabaseTools\lib\jdbc-console.jar;C:\Program Files\JetBrains\IntelliJ IDEA 2025.2.3\lib\modules\intellij.grid.types.jar;C:\Program Files\JetBrains\IntelliJ IDEA 2025.2.3\lib\util.jar;C:\Program Files\JetBrains\IntelliJ IDEA 2025.2.3\lib\bouncy-castle.jar
Launcher Type: SUN_STANDARD

[Global flags]
     intx CICompilerCount                          = 3                                         {product} {ergonomic}
     uint ConcGCThreads                            = 1                                         {product} {ergonomic}
     uint G1ConcRefinementThreads                  = 4                                         {product} {ergonomic}
   size_t G1HeapRegionSize                         = 1048576                                   {product} {ergonomic}
    uintx GCDrainStackTargetSize                   = 64                                        {product} {ergonomic}
   size_t InitialHeapSize                          = 134217728                                 {product} {command line}
   size_t MarkStackSize                            = 4194304                                   {product} {ergonomic}
   size_t MaxHeapSize                              = 2147483648                                {product} {command line}
   size_t MinHeapDeltaBytes                        = 1048576                                   {product} {ergonomic}
   size_t MinHeapSize                              = 134217728                                 {product} {command line}
    uintx NonNMethodCodeHeapSize                   = 5832780                                {pd product} {ergonomic}
    uintx NonProfiledCodeHeapSize                  = 122912730                              {pd product} {ergonomic}
    uintx ProfiledCodeHeapSize                     = 122912730                              {pd product} {ergonomic}
    uintx ReservedCodeCacheSize                    = 251658240                              {pd product} {ergonomic}
     bool SegmentedCodeCache                       = true                                      {product} {ergonomic}
   size_t SoftMaxHeapSize                          = 2147483648                             {manageable} {ergonomic}
     bool UseCompressedOops                        = true                           {product lp64_product} {ergonomic}
     bool UseG1GC                                  = true                                      {product} {ergonomic}
     bool UseLargePagesIndividualAllocation        = false                                  {pd product} {ergonomic}

Logging:
Log output configuration:
 #0: stdout all=warning uptime,level,tags foldmultilines=false
 #1: stderr all=off uptime,level,tags foldmultilines=false

Environment Variables:
PATH=C:\WINDOWS\system32;C:\WINDOWS;C:\WINDOWS\System32\Wbem;C:\WINDOWS\System32\WindowsPowerShell\v1.0\;C:\WINDOWS\System32\OpenSSH\;C:\Program Files\Git\cmd;C:\Users\Анара\AppData\Local\Microsoft\WindowsApps;;C:\Program Files\JetBrains\IntelliJ IDEA Community Edition 2025.1.3\bin;
USERNAME=Анара
OS=Windows_NT
PROCESSOR_IDENTIFIER=Intel64 Family 6 Model 142 Stepping 12, GenuineIntel
TMP=C:\Users\6DBE~1\AppData\Local\Temp
TEMP=C:\Users\6DBE~1\AppData\Local\Temp




Periodic native trim disabled

JNI global refs:
JNI global refs: 0, weak refs: 0

JNI global refs memory usage: 0, weak refs: 0

Process memory usage:
Resident Set Size: 12196K (0% of 3977204K total physical memory with 69344K free physical memory)

OOME stack traces (most recent first):
Classloader memory used:

---------------  S Y S T E M  ---------------

OS:
 Windows 11 , 64 bit Build 26100 (10.0.26100.5074)
OS uptime: 22 days 22:39 hours

CPU: total 4 (initial active 4) (2 cores per cpu, 2 threads per core) family 6 model 142 stepping 12 microcode 0xde, cx8, cmov, fxsr, ht, mmx, 3dnowpref, sse, sse2, sse3, ssse3, sse4.1, sse4.2, popcnt, lzcnt, tsc, tscinvbit, avx, avx2, aes, erms, clmul, bmi1, bmi2, adx, fma, vzeroupper, clflush, clflushopt, rdtscp, f16c
Processor Information for the first 4 processors :
  Max Mhz: 2592, Current Mhz: 2093, Mhz Limit: 2073

Memory: 4k page, system-wide physical 3883M (67M free)
TotalPageFile size 15659M (AvailPageFile size 53M)
current process WorkingSet (physical memory assigned to process): 11M, peak: 11M
current process commit charge ("private bytes"): 52M, peak: 180M

vm_info: OpenJDK 64-Bit Server VM (21.0.8+1-b1038.72) for windows-amd64 JRE (21.0.8+1-b1038.72), built on 2025-09-08 by "builduser" with MS VC++ 16.10 / 16.11 (VS2019)

END.
